[INFO] Scanning for projects...
[INFO] 
[INFO] ------------------< org.apache.commons:commons-lang3 >------------------
[INFO] Building Apache Commons Lang 3.15.0-SNAPSHOT
[INFO]   from pom.xml
[INFO] --------------------------------[ jar ]---------------------------------
[INFO] 
[INFO] --- clean:3.3.2:clean (default-clean) @ commons-lang3 ---
[INFO] Deleting /Users/glacierali/repos/MEX/commons-lang/target
[INFO] 
[INFO] --- enforcer:3.4.1:enforce (enforce-maven-version) @ commons-lang3 ---
[INFO] Rule 0: org.apache.maven.enforcer.rules.version.RequireMavenVersion passed
[INFO] 
[INFO] --- enforcer:3.4.1:enforce (enforce-java-version) @ commons-lang3 ---
[INFO] Rule 0: org.apache.maven.enforcer.rules.version.RequireJavaVersion passed
[INFO] 
[INFO] --- apache-rat:0.16.1:check (rat-check) @ commons-lang3 ---
[INFO] Rat check: Summary over all files. Unapproved: 15, unknown: 15, generated: 0, approved: 287 licenses.
[WARNING] Files with unapproved licenses:
  src/test/java/org/apache/commons/lang3/AnnotationUtilsTest.java
  src/test/java/org/apache/commons/lang3/ClassUtilsTest.java
  src/test/java/org/apache/commons/lang3/MANUAL_LongRangeTest.java
  src/test/java/org/apache/commons/lang3/FunctionsTest.java
  src/test/java/org/apache/commons/lang3/MANUAL_AnnotationUtilsTest.java
  src/test/java/org/apache/commons/lang3/LongRangeTest.java
  src/test/java/org/apache/commons/lang3/MANUAL_ClassUtilsTest.java
  src/test/java/org/apache/commons/lang3/arch/ProcessorTest.java
  src/test/java/org/apache/commons/lang3/StringUtilsTest.java
  src/test/java/org/apache/commons/lang3/ArrayUtilsTest.java
  src/test/java/org/apache/commons/lang3/MANUAL_ArrayFillTest.java
  src/test/java/org/apache/commons/lang3/OLD_CharSequenceUtilsTest.java
  src/test/java/org/apache/commons/lang3/CharUtilsTest.java
  src/test/java/org/apache/commons/lang3/CharSequenceUtilsTest.java
  src/test/java/org/apache/commons/lang3/ObjectUtilsTest.java

[WARNING] Rat check: 15 files with unapproved licenses. See RAT report in: /Users/glacierali/repos/MEX/commons-lang/target/rat.txt
[INFO] 
[INFO] --- artifact:3.5.0:check-buildplan (check-buildplan) @ commons-lang3 ---
[INFO] no known issue with org.apache.maven.plugins:maven-enforcer-plugin:3.4.1
[INFO] no known issue with org.apache.rat:apache-rat-plugin:0.16.1
[INFO] no known issue with org.apache.maven.plugins:maven-artifact-plugin:3.5.0
[INFO] no known issue with org.codehaus.mojo:build-helper-maven-plugin:3.5.0
[INFO] no known issue with org.apache.maven.plugins:maven-antrun-plugin:3.1.0
[INFO] no known issue with org.apache.maven.plugins:maven-remote-resources-plugin:3.1.0 (>= 1.7.0)
[INFO] no known issue with org.codehaus.mojo:buildnumber-maven-plugin:3.2.0
[INFO] no known issue with org.apache.maven.plugins:maven-resources-plugin:3.3.1
[INFO] no known issue with org.apache.maven.plugins:maven-compiler-plugin:3.12.1
[INFO] no known issue with org.apache.felix:maven-bundle-plugin:5.1.9 (>= 5.1.9)
[INFO] no known issue with org.jacoco:jacoco-maven-plugin:0.8.11
[INFO] no known issue with org.apache.maven.plugins:maven-surefire-plugin:3.2.5
[INFO] no known issue with org.apache.maven.plugins:maven-jar-plugin:3.3.0 (>= 3.2.0)
[INFO] no known issue with org.apache.maven.plugins:maven-site-plugin:3.12.1
[INFO] no known issue with org.apache.maven.plugins:maven-source-plugin:3.2.1 (>= 3.2.1)
[INFO] no known issue with org.apache.maven.plugins:maven-javadoc-plugin:3.6.3
[INFO] no known issue with org.cyclonedx:cyclonedx-maven-plugin:2.7.11
[INFO] no known issue with org.spdx:spdx-maven-plugin:0.7.2
[INFO] no known issue with org.moditect:moditect-maven-plugin:1.1.0 (>= 1.0.0.Final)
[INFO] no known issue with org.apache.maven.plugins:maven-install-plugin:3.1.1
[INFO] no known issue with org.apache.maven.plugins:maven-deploy-plugin:3.1.1
[INFO] 
[INFO] --- build-helper:3.5.0:parse-version (parse-version) @ commons-lang3 ---
[INFO] 
[INFO] --- antrun:3.1.0:run (javadoc.resources) @ commons-lang3 ---
[INFO] Executing tasks
[INFO]      [copy] Copying 2 files to /Users/glacierali/repos/MEX/commons-lang/target/apidocs/META-INF
[INFO] Executed tasks
[INFO] 
[INFO] --- remote-resources:3.1.0:process (process-resource-bundles) @ commons-lang3 ---
[INFO] Skipping remote resources execution.
[INFO] 
[INFO] --- buildnumber:3.2.0:create (default) @ commons-lang3 ---
[INFO] Executing: /bin/sh -c cd '/Users/glacierali/repos/MEX/commons-lang' && 'git' 'rev-parse' '--verify' 'HEAD'
[INFO] Working directory: /Users/glacierali/repos/MEX/commons-lang
[INFO] Storing buildNumber: null at timestamp: 1714980014415
[INFO] Executing: /bin/sh -c cd '/Users/glacierali/repos/MEX/commons-lang' && 'git' 'symbolic-ref' 'HEAD'
[INFO] Working directory: /Users/glacierali/repos/MEX/commons-lang
[INFO] Storing scmBranch: v2-gpt35-turbo
[INFO] 
[INFO] --- resources:3.3.1:resources (default-resources) @ commons-lang3 ---
[INFO] skip non existing resourceDirectory /Users/glacierali/repos/MEX/commons-lang/src/main/resources
[INFO] Copying 2 resources from  to target/classes/META-INF
[INFO] 
[INFO] --- compiler:3.12.1:compile (default-compile) @ commons-lang3 ---
[INFO] Recompiling the module because of changed source code.
[INFO] Compiling 246 source files with javac [debug release 8] to target/classes
[WARNING] source value 8 is obsolete and will be removed in a future release
[WARNING] target value 8 is obsolete and will be removed in a future release
[WARNING] To suppress warnings about obsolete options, use -Xlint:-options.
[INFO] /Users/glacierali/repos/MEX/commons-lang/src/main/java/org/apache/commons/lang3/ObjectUtils.java: Some input files use or override a deprecated API.
[INFO] /Users/glacierali/repos/MEX/commons-lang/src/main/java/org/apache/commons/lang3/ObjectUtils.java: Recompile with -Xlint:deprecation for details.
[INFO] /Users/glacierali/repos/MEX/commons-lang/src/main/java/org/apache/commons/lang3/ObjectUtils.java: Some input files use unchecked or unsafe operations.
[INFO] /Users/glacierali/repos/MEX/commons-lang/src/main/java/org/apache/commons/lang3/ObjectUtils.java: Recompile with -Xlint:unchecked for details.
[INFO] 
[INFO] --- bundle:5.1.9:manifest (bundle-manifest) @ commons-lang3 ---
[INFO] No MANIFEST.MF file found, generating manifest.
[INFO] Writing manifest: /Users/glacierali/repos/MEX/commons-lang/target/osgi/MANIFEST.MF
[INFO] 
[INFO] --- resources:3.3.1:testResources (default-testResources) @ commons-lang3 ---
[INFO] Copying 2 resources from src/test/resources to target/test-classes
[INFO] Copying 2 resources from  to target/test-classes/META-INF
[INFO] 
[INFO] --- compiler:3.12.1:testCompile (default-testCompile) @ commons-lang3 ---
[INFO] Recompiling the module because of changed dependency.
[INFO] Compiling 15 source files with javac [debug release 8] to target/test-classes
[WARNING] source value 8 is obsolete and will be removed in a future release
[WARNING] target value 8 is obsolete and will be removed in a future release
[WARNING] To suppress warnings about obsolete options, use -Xlint:-options.
[INFO] Annotation processing is enabled because one or more processors were found
  on the class path. A future release of javac may disable annotation processing
  unless at least one processor is specified by name (-processor), or a search
  path is specified (--processor-path, --processor-module-path), or annotation
  processing is enabled explicitly (-proc:only, -proc:full).
  Use -Xlint:-options to suppress this message.
  Use -proc:none to disable annotation processing.
[INFO] /Users/glacierali/repos/MEX/commons-lang/src/test/java/org/apache/commons/lang3/FunctionsTest.java: Some input files use or override a deprecated API.
[INFO] /Users/glacierali/repos/MEX/commons-lang/src/test/java/org/apache/commons/lang3/FunctionsTest.java: Recompile with -Xlint:deprecation for details.
[INFO] /Users/glacierali/repos/MEX/commons-lang/src/test/java/org/apache/commons/lang3/StringUtilsTest.java: Some input files use unchecked or unsafe operations.
[INFO] /Users/glacierali/repos/MEX/commons-lang/src/test/java/org/apache/commons/lang3/StringUtilsTest.java: Recompile with -Xlint:unchecked for details.
[INFO] 
[INFO] --- jacoco:0.8.11:prepare-agent (prepare-agent) @ commons-lang3 ---
[INFO] argLine set to -javaagent:/Users/glacierali/.m2/repository/org/jacoco/org.jacoco.agent/0.8.11/org.jacoco.agent-0.8.11-runtime.jar=destfile=/Users/glacierali/repos/MEX/commons-lang/target/jacoco.exec -Xmx512m --add-opens java.base/java.lang.reflect=ALL-UNNAMED --add-opens java.base/java.lang=ALL-UNNAMED --add-opens java.base/java.util=ALL-UNNAMED
[INFO] 
[INFO] --- surefire:3.2.5:test (default-test) @ commons-lang3 ---
[INFO] Using auto detected provider org.apache.maven.surefire.junitplatform.JUnitPlatformProvider
[INFO] 
[INFO] -------------------------------------------------------
[INFO]  T E S T S
[INFO] -------------------------------------------------------
[INFO] Running org.apache.commons.lang3.LongRangeTest
[INFO] Tests run: 2, Failures: 0, Errors: 0, Skipped: 0, Time elapsed: 0.124 s -- in org.apache.commons.lang3.LongRangeTest
[INFO] Running org.apache.commons.lang3.AnnotationUtilsTest
[INFO] Tests run: 9, Failures: 0, Errors: 0, Skipped: 0, Time elapsed: 1.006 s -- in org.apache.commons.lang3.AnnotationUtilsTest
[INFO] Running org.apache.commons.lang3.FunctionsTest
[INFO] Tests run: 8, Failures: 0, Errors: 0, Skipped: 0, Time elapsed: 0.231 s -- in org.apache.commons.lang3.FunctionsTest
[INFO] Running org.apache.commons.lang3.CharUtilsTest
[INFO] Tests run: 79, Failures: 0, Errors: 0, Skipped: 0, Time elapsed: 0.229 s -- in org.apache.commons.lang3.CharUtilsTest
[INFO] Running org.apache.commons.lang3.ObjectUtilsTest
[INFO] Tests run: 164, Failures: 0, Errors: 0, Skipped: 0, Time elapsed: 0.563 s -- in org.apache.commons.lang3.ObjectUtilsTest
[INFO] Running org.apache.commons.lang3.StringUtilsTest
[INFO] Tests run: 1024, Failures: 0, Errors: 0, Skipped: 0, Time elapsed: 1.516 s -- in org.apache.commons.lang3.StringUtilsTest
[INFO] Running org.apache.commons.lang3.ClassUtilsTest
[INFO] Tests run: 107, Failures: 0, Errors: 0, Skipped: 0, Time elapsed: 0.136 s -- in org.apache.commons.lang3.ClassUtilsTest
[INFO] Running org.apache.commons.lang3.CharSequenceUtilsTest
[INFO] Tests run: 14, Failures: 0, Errors: 0, Skipped: 0, Time elapsed: 0.014 s -- in org.apache.commons.lang3.CharSequenceUtilsTest
[INFO] Running org.apache.commons.lang3.arch.ProcessorTest
[INFO] Tests run: 23, Failures: 0, Errors: 0, Skipped: 0, Time elapsed: 0.026 s -- in org.apache.commons.lang3.arch.ProcessorTest
[INFO] Running org.apache.commons.lang3.ArrayUtilsTest
[INFO] Tests run: 393, Failures: 0, Errors: 0, Skipped: 0, Time elapsed: 0.437 s -- in org.apache.commons.lang3.ArrayUtilsTest
[INFO] 
[INFO] Results:
[INFO] 
[INFO] Tests run: 1823, Failures: 0, Errors: 0, Skipped: 0
[INFO] 
[INFO] 
[INFO] --- jar:3.3.0:jar (default-jar) @ commons-lang3 ---
[INFO] Building jar: /Users/glacierali/repos/MEX/commons-lang/target/commons-lang3-3.15.0-SNAPSHOT.jar
[INFO] 
[INFO] --- site:3.12.1:attach-descriptor (attach-descriptor) @ commons-lang3 ---
[INFO] Skipping because packaging 'jar' is not pom.
[INFO] 
[INFO] --- jar:3.3.0:test-jar (default) @ commons-lang3 ---
[INFO] Building jar: /Users/glacierali/repos/MEX/commons-lang/target/commons-lang3-3.15.0-SNAPSHOT-tests.jar
[INFO] 
[INFO] --- source:3.2.1:jar-no-fork (create-source-jar) @ commons-lang3 ---
[INFO] Building jar: /Users/glacierali/repos/MEX/commons-lang/target/commons-lang3-3.15.0-SNAPSHOT-sources.jar
[INFO] 
[INFO] --- source:3.2.1:test-jar-no-fork (create-source-jar) @ commons-lang3 ---
[INFO] Building jar: /Users/glacierali/repos/MEX/commons-lang/target/commons-lang3-3.15.0-SNAPSHOT-test-sources.jar
[INFO] 
[INFO] >>> javadoc:3.6.3:javadoc (create-javadoc-jar) > generate-sources @ commons-lang3 >>>
[INFO] 
[INFO] --- enforcer:3.4.1:enforce (enforce-maven-version) @ commons-lang3 ---
[INFO] 
[INFO] --- enforcer:3.4.1:enforce (enforce-java-version) @ commons-lang3 ---
[INFO] 
[INFO] --- apache-rat:0.16.1:check (rat-check) @ commons-lang3 ---
[INFO] Rat check: Summary over all files. Unapproved: 15, unknown: 15, generated: 0, approved: 287 licenses.
[WARNING] Files with unapproved licenses:
  src/test/java/org/apache/commons/lang3/AnnotationUtilsTest.java
  src/test/java/org/apache/commons/lang3/ClassUtilsTest.java
  src/test/java/org/apache/commons/lang3/MANUAL_LongRangeTest.java
  src/test/java/org/apache/commons/lang3/FunctionsTest.java
  src/test/java/org/apache/commons/lang3/MANUAL_AnnotationUtilsTest.java
  src/test/java/org/apache/commons/lang3/LongRangeTest.java
  src/test/java/org/apache/commons/lang3/MANUAL_ClassUtilsTest.java
  src/test/java/org/apache/commons/lang3/arch/ProcessorTest.java
  src/test/java/org/apache/commons/lang3/StringUtilsTest.java
  src/test/java/org/apache/commons/lang3/ArrayUtilsTest.java
  src/test/java/org/apache/commons/lang3/MANUAL_ArrayFillTest.java
  src/test/java/org/apache/commons/lang3/OLD_CharSequenceUtilsTest.java
  src/test/java/org/apache/commons/lang3/CharUtilsTest.java
  src/test/java/org/apache/commons/lang3/CharSequenceUtilsTest.java
  src/test/java/org/apache/commons/lang3/ObjectUtilsTest.java

[WARNING] Rat check: 15 files with unapproved licenses. See RAT report in: /Users/glacierali/repos/MEX/commons-lang/target/rat.txt
[INFO] 
[INFO] --- artifact:3.5.0:check-buildplan (check-buildplan) @ commons-lang3 ---
[INFO] no known issue with org.apache.maven.plugins:maven-enforcer-plugin:3.4.1
[INFO] no known issue with org.apache.rat:apache-rat-plugin:0.16.1
[INFO] no known issue with org.apache.maven.plugins:maven-artifact-plugin:3.5.0
[INFO] no known issue with org.codehaus.mojo:build-helper-maven-plugin:3.5.0
[INFO] no known issue with org.apache.maven.plugins:maven-antrun-plugin:3.1.0
[INFO] no known issue with org.apache.maven.plugins:maven-remote-resources-plugin:3.1.0 (>= 1.7.0)
[INFO] no known issue with org.codehaus.mojo:buildnumber-maven-plugin:3.2.0
[INFO] no known issue with org.apache.maven.plugins:maven-resources-plugin:3.3.1
[INFO] no known issue with org.apache.maven.plugins:maven-compiler-plugin:3.12.1
[INFO] no known issue with org.apache.felix:maven-bundle-plugin:5.1.9 (>= 5.1.9)
[INFO] no known issue with org.jacoco:jacoco-maven-plugin:0.8.11
[INFO] no known issue with org.apache.maven.plugins:maven-surefire-plugin:3.2.5
[INFO] no known issue with org.apache.maven.plugins:maven-jar-plugin:3.3.0 (>= 3.2.0)
[INFO] no known issue with org.apache.maven.plugins:maven-site-plugin:3.12.1
[INFO] no known issue with org.apache.maven.plugins:maven-source-plugin:3.2.1 (>= 3.2.1)
[INFO] no known issue with org.apache.maven.plugins:maven-javadoc-plugin:3.6.3
[INFO] no known issue with org.cyclonedx:cyclonedx-maven-plugin:2.7.11
[INFO] no known issue with org.spdx:spdx-maven-plugin:0.7.2
[INFO] no known issue with org.moditect:moditect-maven-plugin:1.1.0 (>= 1.0.0.Final)
[INFO] no known issue with org.apache.maven.plugins:maven-install-plugin:3.1.1
[INFO] no known issue with org.apache.maven.plugins:maven-deploy-plugin:3.1.1
[INFO] 
[INFO] --- build-helper:3.5.0:parse-version (parse-version) @ commons-lang3 ---
[INFO] 
[INFO] --- antrun:3.1.0:run (javadoc.resources) @ commons-lang3 ---
[INFO] Executing tasks
[INFO] Executed tasks
[INFO] 
[INFO] <<< javadoc:3.6.3:javadoc (create-javadoc-jar) < generate-sources @ commons-lang3 <<<
[INFO] 
[INFO] 
[INFO] --- javadoc:3.6.3:javadoc (create-javadoc-jar) @ commons-lang3 ---
[INFO] No previous run data found, generating javadoc.
[WARNING] Javadoc Warnings
[WARNING] warning: URL https://docs.oracle.com/javase/8/docs/api/element-list was redirected to https://docs.oracle.com/en/java/javase/22/ -- Update the command-line options to suppress this warning.
[WARNING] /Users/glacierali/repos/MEX/commons-lang/src/main/java/org/apache/commons/lang3/concurrent/AbstractConcurrentInitializer.java:44: warning: use of default constructor, which does not provide a comment
[WARNING] public abstract static class AbstractBuilder<I extends AbstractConcurrentInitializer<T, E>, T, B extends AbstractBuilder<I, T, B, E>, E extends Exception>
[WARNING] ^
[WARNING] /Users/glacierali/repos/MEX/commons-lang/src/main/java/org/apache/commons/lang3/builder/AbstractSupplier.java:30: warning: use of default constructor, which does not provide a comment
[WARNING] public abstract class AbstractSupplier<T, B extends AbstractSupplier<T, B, E>, E extends Throwable> implements FailableSupplier<T, E> {
[WARNING] ^
[WARNING] /Users/glacierali/repos/MEX/commons-lang/src/main/java/org/apache/commons/lang3/ArraySorter.java:28: warning: use of default constructor, which does not provide a comment
[WARNING] public class ArraySorter {
[WARNING] ^
[WARNING] /Users/glacierali/repos/MEX/commons-lang/src/main/java/org/apache/commons/lang3/concurrent/AtomicInitializer.java:77: warning: use of default constructor, which does not provide a comment
[WARNING] public static class Builder<I extends AtomicInitializer<T>, T> extends AbstractBuilder<I, T, Builder<I, T>, ConcurrentException> {
[WARNING] ^
[WARNING] /Users/glacierali/repos/MEX/commons-lang/src/main/java/org/apache/commons/lang3/concurrent/AtomicSafeInitializer.java:66: warning: use of default constructor, which does not provide a comment
[WARNING] public static class Builder<I extends AtomicSafeInitializer<T>, T> extends AbstractBuilder<I, T, Builder<I, T>, ConcurrentException> {
[WARNING] ^
[WARNING] /Users/glacierali/repos/MEX/commons-lang/src/main/java/org/apache/commons/lang3/concurrent/BackgroundInitializer.java:97: warning: use of default constructor, which does not provide a comment
[WARNING] public static class Builder<I extends BackgroundInitializer<T>, T> extends AbstractBuilder<I, T, Builder<I, T>, Exception> {
[WARNING] ^
[WARNING] /Users/glacierali/repos/MEX/commons-lang/src/main/java/org/apache/commons/lang3/concurrent/BasicThreadFactory.java:104: warning: use of default constructor, which does not provide a comment
[WARNING] public static class Builder
[WARNING] ^
[WARNING] /Users/glacierali/repos/MEX/commons-lang/src/main/java/org/apache/commons/lang3/CharEncoding.java:41: warning: use of default constructor, which does not provide a comment
[WARNING] public class CharEncoding {
[WARNING] ^
[WARNING] /Users/glacierali/repos/MEX/commons-lang/src/main/java/org/apache/commons/lang3/text/translate/CharSequenceTranslator.java:37: warning: use of default constructor, which does not provide a comment
[WARNING] public abstract class CharSequenceTranslator {
[WARNING] ^
[WARNING] /Users/glacierali/repos/MEX/commons-lang/src/main/java/org/apache/commons/lang3/text/translate/CodePointTranslator.java:32: warning: use of default constructor, which does not provide a comment
[WARNING] public abstract class CodePointTranslator extends CharSequenceTranslator {
[WARNING] ^
[WARNING] /Users/glacierali/repos/MEX/commons-lang/src/main/java/org/apache/commons/lang3/Conversion.java:62: warning: use of default constructor, which does not provide a comment
[WARNING] public class Conversion {
[WARNING] ^
[WARNING] /Users/glacierali/repos/MEX/commons-lang/src/main/java/org/apache/commons/lang3/exception/DefaultExceptionContext.java:41: warning: use of default constructor, which does not provide a comment
[WARNING] public class DefaultExceptionContext implements ExceptionContext, Serializable {
[WARNING] ^
[WARNING] /Users/glacierali/repos/MEX/commons-lang/src/main/java/org/apache/commons/lang3/builder/DiffBuilder.java:82: warning: use of default constructor, which does not provide a comment
[WARNING] public static final class Builder<T> {
[WARNING] ^
[WARNING] /Users/glacierali/repos/MEX/commons-lang/src/main/java/org/apache/commons/lang3/text/translate/EntityArrays.java:30: warning: use of default constructor, which does not provide a comment
[WARNING] public class EntityArrays {
[WARNING] ^
[WARNING] /Users/glacierali/repos/MEX/commons-lang/src/main/java/org/apache/commons/lang3/Functions.java:75: warning: use of default constructor, which does not provide a comment
[WARNING] public class Functions {
[WARNING] ^
[WARNING] /Users/glacierali/repos/MEX/commons-lang/src/main/java/org/apache/commons/lang3/concurrent/LazyInitializer.java:80: warning: use of default constructor, which does not provide a comment
[WARNING] public static class Builder<I extends LazyInitializer<T>, T> extends AbstractBuilder<I, T, Builder<I, T>, ConcurrentException> {
[WARNING] ^
[WARNING] /Users/glacierali/repos/MEX/commons-lang/src/main/java/org/apache/commons/lang3/compare/ObjectToStringComparator.java:30: warning: use of default constructor, which does not provide a comment
[WARNING] public final class ObjectToStringComparator implements Comparator<Object>, Serializable {
[WARNING] ^
[WARNING] /Users/glacierali/repos/MEX/commons-lang/src/main/java/org/apache/commons/lang3/text/translate/OctalUnescaper.java:36: warning: use of default constructor, which does not provide a comment
[WARNING] public class OctalUnescaper extends CharSequenceTranslator {
[WARNING] ^
[WARNING] /Users/glacierali/repos/MEX/commons-lang/src/main/java/org/apache/commons/lang3/tuple/Pair.java:43: warning: use of default constructor, which does not provide a comment
[WARNING] public abstract class Pair<L, R> implements Map.Entry<L, R>, Comparable<Pair<L, R>>, Serializable {
[WARNING] ^
[WARNING] /Users/glacierali/repos/MEX/commons-lang/src/main/java/org/apache/commons/lang3/builder/ReflectionDiffBuilder.java:84: warning: use of default constructor, which does not provide a comment
[WARNING] public static final class Builder<T> {
[WARNING] ^
[WARNING] /Users/glacierali/repos/MEX/commons-lang/src/main/java/org/apache/commons/lang3/Streams.java:67: warning: use of default constructor, which does not provide a comment
[WARNING] public class Streams {
[WARNING] ^
[WARNING] /Users/glacierali/repos/MEX/commons-lang/src/main/java/org/apache/commons/lang3/tuple/Triple.java:40: warning: use of default constructor, which does not provide a comment
[WARNING] public abstract class Triple<L, M, R> implements Comparable<Triple<L, M, R>>, Serializable {
[WARNING] ^
[WARNING] /Users/glacierali/repos/MEX/commons-lang/src/main/java/org/apache/commons/lang3/text/translate/UnicodeUnescaper.java:33: warning: use of default constructor, which does not provide a comment
[WARNING] public class UnicodeUnescaper extends CharSequenceTranslator {
[WARNING] ^
[WARNING] /Users/glacierali/repos/MEX/commons-lang/src/main/java/org/apache/commons/lang3/text/translate/UnicodeUnpairedSurrogateRemover.java:30: warning: use of default constructor, which does not provide a comment
[WARNING] public class UnicodeUnpairedSurrogateRemover extends CodePointTranslator {
[WARNING] ^
[WARNING] 25 warnings
[INFO] 
[INFO] --- javadoc:3.6.3:jar (create-javadoc-jar) @ commons-lang3 ---
[INFO] Configuration changed, re-generating javadoc.
[WARNING] Javadoc Warnings
[WARNING] warning: URL https://docs.oracle.com/javase/8/docs/api/element-list was redirected to https://docs.oracle.com/en/java/javase/22/ -- Update the command-line options to suppress this warning.
[WARNING] /Users/glacierali/repos/MEX/commons-lang/src/main/java/org/apache/commons/lang3/concurrent/AbstractConcurrentInitializer.java:44: warning: use of default constructor, which does not provide a comment
[WARNING] public abstract static class AbstractBuilder<I extends AbstractConcurrentInitializer<T, E>, T, B extends AbstractBuilder<I, T, B, E>, E extends Exception>
[WARNING] ^
[WARNING] /Users/glacierali/repos/MEX/commons-lang/src/main/java/org/apache/commons/lang3/builder/AbstractSupplier.java:30: warning: use of default constructor, which does not provide a comment
[WARNING] public abstract class AbstractSupplier<T, B extends AbstractSupplier<T, B, E>, E extends Throwable> implements FailableSupplier<T, E> {
[WARNING] ^
[WARNING] /Users/glacierali/repos/MEX/commons-lang/src/main/java/org/apache/commons/lang3/ArraySorter.java:28: warning: use of default constructor, which does not provide a comment
[WARNING] public class ArraySorter {
[WARNING] ^
[WARNING] /Users/glacierali/repos/MEX/commons-lang/src/main/java/org/apache/commons/lang3/concurrent/AtomicInitializer.java:77: warning: use of default constructor, which does not provide a comment
[WARNING] public static class Builder<I extends AtomicInitializer<T>, T> extends AbstractBuilder<I, T, Builder<I, T>, ConcurrentException> {
[WARNING] ^
[WARNING] /Users/glacierali/repos/MEX/commons-lang/src/main/java/org/apache/commons/lang3/concurrent/AtomicSafeInitializer.java:66: warning: use of default constructor, which does not provide a comment
[WARNING] public static class Builder<I extends AtomicSafeInitializer<T>, T> extends AbstractBuilder<I, T, Builder<I, T>, ConcurrentException> {
[WARNING] ^
[WARNING] /Users/glacierali/repos/MEX/commons-lang/src/main/java/org/apache/commons/lang3/concurrent/BackgroundInitializer.java:97: warning: use of default constructor, which does not provide a comment
[WARNING] public static class Builder<I extends BackgroundInitializer<T>, T> extends AbstractBuilder<I, T, Builder<I, T>, Exception> {
[WARNING] ^
[WARNING] /Users/glacierali/repos/MEX/commons-lang/src/main/java/org/apache/commons/lang3/concurrent/BasicThreadFactory.java:104: warning: use of default constructor, which does not provide a comment
[WARNING] public static class Builder
[WARNING] ^
[WARNING] /Users/glacierali/repos/MEX/commons-lang/src/main/java/org/apache/commons/lang3/CharEncoding.java:41: warning: use of default constructor, which does not provide a comment
[WARNING] public class CharEncoding {
[WARNING] ^
[WARNING] /Users/glacierali/repos/MEX/commons-lang/src/main/java/org/apache/commons/lang3/text/translate/CharSequenceTranslator.java:37: warning: use of default constructor, which does not provide a comment
[WARNING] public abstract class CharSequenceTranslator {
[WARNING] ^
[WARNING] /Users/glacierali/repos/MEX/commons-lang/src/main/java/org/apache/commons/lang3/text/translate/CodePointTranslator.java:32: warning: use of default constructor, which does not provide a comment
[WARNING] public abstract class CodePointTranslator extends CharSequenceTranslator {
[WARNING] ^
[WARNING] /Users/glacierali/repos/MEX/commons-lang/src/main/java/org/apache/commons/lang3/Conversion.java:62: warning: use of default constructor, which does not provide a comment
[WARNING] public class Conversion {
[WARNING] ^
[WARNING] /Users/glacierali/repos/MEX/commons-lang/src/main/java/org/apache/commons/lang3/exception/DefaultExceptionContext.java:41: warning: use of default constructor, which does not provide a comment
[WARNING] public class DefaultExceptionContext implements ExceptionContext, Serializable {
[WARNING] ^
[WARNING] /Users/glacierali/repos/MEX/commons-lang/src/main/java/org/apache/commons/lang3/builder/DiffBuilder.java:82: warning: use of default constructor, which does not provide a comment
[WARNING] public static final class Builder<T> {
[WARNING] ^
[WARNING] /Users/glacierali/repos/MEX/commons-lang/src/main/java/org/apache/commons/lang3/text/translate/EntityArrays.java:30: warning: use of default constructor, which does not provide a comment
[WARNING] public class EntityArrays {
[WARNING] ^
[WARNING] /Users/glacierali/repos/MEX/commons-lang/src/main/java/org/apache/commons/lang3/Functions.java:75: warning: use of default constructor, which does not provide a comment
[WARNING] public class Functions {
[WARNING] ^
[WARNING] /Users/glacierali/repos/MEX/commons-lang/src/main/java/org/apache/commons/lang3/concurrent/LazyInitializer.java:80: warning: use of default constructor, which does not provide a comment
[WARNING] public static class Builder<I extends LazyInitializer<T>, T> extends AbstractBuilder<I, T, Builder<I, T>, ConcurrentException> {
[WARNING] ^
[WARNING] /Users/glacierali/repos/MEX/commons-lang/src/main/java/org/apache/commons/lang3/compare/ObjectToStringComparator.java:30: warning: use of default constructor, which does not provide a comment
[WARNING] public final class ObjectToStringComparator implements Comparator<Object>, Serializable {
[WARNING] ^
[WARNING] /Users/glacierali/repos/MEX/commons-lang/src/main/java/org/apache/commons/lang3/text/translate/OctalUnescaper.java:36: warning: use of default constructor, which does not provide a comment
[WARNING] public class OctalUnescaper extends CharSequenceTranslator {
[WARNING] ^
[WARNING] /Users/glacierali/repos/MEX/commons-lang/src/main/java/org/apache/commons/lang3/tuple/Pair.java:43: warning: use of default constructor, which does not provide a comment
[WARNING] public abstract class Pair<L, R> implements Map.Entry<L, R>, Comparable<Pair<L, R>>, Serializable {
[WARNING] ^
[WARNING] /Users/glacierali/repos/MEX/commons-lang/src/main/java/org/apache/commons/lang3/builder/ReflectionDiffBuilder.java:84: warning: use of default constructor, which does not provide a comment
[WARNING] public static final class Builder<T> {
[WARNING] ^
[WARNING] /Users/glacierali/repos/MEX/commons-lang/src/main/java/org/apache/commons/lang3/Streams.java:67: warning: use of default constructor, which does not provide a comment
[WARNING] public class Streams {
[WARNING] ^
[WARNING] /Users/glacierali/repos/MEX/commons-lang/src/main/java/org/apache/commons/lang3/tuple/Triple.java:40: warning: use of default constructor, which does not provide a comment
[WARNING] public abstract class Triple<L, M, R> implements Comparable<Triple<L, M, R>>, Serializable {
[WARNING] ^
[WARNING] /Users/glacierali/repos/MEX/commons-lang/src/main/java/org/apache/commons/lang3/text/translate/UnicodeUnescaper.java:33: warning: use of default constructor, which does not provide a comment
[WARNING] public class UnicodeUnescaper extends CharSequenceTranslator {
[WARNING] ^
[WARNING] /Users/glacierali/repos/MEX/commons-lang/src/main/java/org/apache/commons/lang3/text/translate/UnicodeUnpairedSurrogateRemover.java:30: warning: use of default constructor, which does not provide a comment
[WARNING] public class UnicodeUnpairedSurrogateRemover extends CodePointTranslator {
[WARNING] ^
[WARNING] 25 warnings
[INFO] Building jar: /Users/glacierali/repos/MEX/commons-lang/target/commons-lang3-3.15.0-SNAPSHOT-javadoc.jar
[INFO] 
[INFO] --- cyclonedx:2.7.11:makeAggregateBom (build-sbom-cyclonedx) @ commons-lang3 ---
[INFO] CycloneDX: Resolving Dependencies
[INFO] CycloneDX: Creating BOM version 1.4 with 2 component(s)
[INFO] CycloneDX: Writing and validating BOM (XML): /Users/glacierali/repos/MEX/commons-lang/target/commons-lang3-3.15.0-SNAPSHOT-bom.xml
[INFO]            attaching as commons-lang3-3.15.0-SNAPSHOT-cyclonedx.xml
[INFO] CycloneDX: Writing and validating BOM (JSON): /Users/glacierali/repos/MEX/commons-lang/target/commons-lang3-3.15.0-SNAPSHOT-bom.json
[WARNING] Unknown keyword additionalItems - you should define your own Meta Schema. If the keyword is irrelevant for validation, just use a NonValidationKeyword
[INFO]            attaching as commons-lang3-3.15.0-SNAPSHOT-cyclonedx.json
[INFO] 
[INFO] --- spdx:0.7.2:createSPDX (build-sbom-spdx) @ commons-lang3 ---
[INFO] spdx file type = .json
[INFO] Creating SPDX File /Users/glacierali/repos/MEX/commons-lang/target/site/org.apache.commons_commons-lang3-3.15.0-SNAPSHOT.spdx.json
[WARNING] Could not determine the SPDX relationship type for dependency artifact ID commons-text scope provided
[WARNING] Could not determine the SPDX relationship type for dependency artifact ID commons-lang3 scope provided
[INFO] 
[INFO] --- moditect:1.1.0:add-module-info (add-module-infos) @ commons-lang3 ---
[INFO] Running jdeps --generate-module-info /Users/glacierali/repos/MEX/commons-lang/target/moditect --add-modules org.apache.commons.text,org.apache.commons.lang3 --module-path /Users/glacierali/.m2/repository/org/apache/commons/commons-text/1.11.0/commons-text-1.11.0.jar:/Users/glacierali/.m2/repository/org/apache/commons/commons-lang3/3.13.0/commons-lang3-3.13.0.jar --multi-release=9 /Users/glacierali/repos/MEX/commons-lang/target/commons-lang3-3.15.0-SNAPSHOT.jar
[WARNING] split package: org.apache.commons.lang3 file:///Users/glacierali/.m2/repository/org/apache/commons/commons-lang3/3.13.0/commons-lang3-3.13.0.jar /Users/glacierali/repos/MEX/commons-lang/target/commons-lang3-3.15.0-SNAPSHOT.jar
[WARNING] split package: org.apache.commons.lang3.arch file:///Users/glacierali/.m2/repository/org/apache/commons/commons-lang3/3.13.0/commons-lang3-3.13.0.jar /Users/glacierali/repos/MEX/commons-lang/target/commons-lang3-3.15.0-SNAPSHOT.jar
[WARNING] split package: org.apache.commons.lang3.builder file:///Users/glacierali/.m2/repository/org/apache/commons/commons-lang3/3.13.0/commons-lang3-3.13.0.jar /Users/glacierali/repos/MEX/commons-lang/target/commons-lang3-3.15.0-SNAPSHOT.jar
[WARNING] split package: org.apache.commons.lang3.compare file:///Users/glacierali/.m2/repository/org/apache/commons/commons-lang3/3.13.0/commons-lang3-3.13.0.jar /Users/glacierali/repos/MEX/commons-lang/target/commons-lang3-3.15.0-SNAPSHOT.jar
[WARNING] split package: org.apache.commons.lang3.concurrent file:///Users/glacierali/.m2/repository/org/apache/commons/commons-lang3/3.13.0/commons-lang3-3.13.0.jar /Users/glacierali/repos/MEX/commons-lang/target/commons-lang3-3.15.0-SNAPSHOT.jar
[WARNING] split package: org.apache.commons.lang3.concurrent.locks file:///Users/glacierali/.m2/repository/org/apache/commons/commons-lang3/3.13.0/commons-lang3-3.13.0.jar /Users/glacierali/repos/MEX/commons-lang/target/commons-lang3-3.15.0-SNAPSHOT.jar
[WARNING] split package: org.apache.commons.lang3.event file:///Users/glacierali/.m2/repository/org/apache/commons/commons-lang3/3.13.0/commons-lang3-3.13.0.jar /Users/glacierali/repos/MEX/commons-lang/target/commons-lang3-3.15.0-SNAPSHOT.jar
[WARNING] split package: org.apache.commons.lang3.exception file:///Users/glacierali/.m2/repository/org/apache/commons/commons-lang3/3.13.0/commons-lang3-3.13.0.jar /Users/glacierali/repos/MEX/commons-lang/target/commons-lang3-3.15.0-SNAPSHOT.jar
[WARNING] split package: org.apache.commons.lang3.function file:///Users/glacierali/.m2/repository/org/apache/commons/commons-lang3/3.13.0/commons-lang3-3.13.0.jar /Users/glacierali/repos/MEX/commons-lang/target/commons-lang3-3.15.0-SNAPSHOT.jar
[WARNING] split package: org.apache.commons.lang3.math file:///Users/glacierali/.m2/repository/org/apache/commons/commons-lang3/3.13.0/commons-lang3-3.13.0.jar /Users/glacierali/repos/MEX/commons-lang/target/commons-lang3-3.15.0-SNAPSHOT.jar
[WARNING] split package: org.apache.commons.lang3.mutable file:///Users/glacierali/.m2/repository/org/apache/commons/commons-lang3/3.13.0/commons-lang3-3.13.0.jar /Users/glacierali/repos/MEX/commons-lang/target/commons-lang3-3.15.0-SNAPSHOT.jar
[WARNING] split package: org.apache.commons.lang3.reflect file:///Users/glacierali/.m2/repository/org/apache/commons/commons-lang3/3.13.0/commons-lang3-3.13.0.jar /Users/glacierali/repos/MEX/commons-lang/target/commons-lang3-3.15.0-SNAPSHOT.jar
[WARNING] split package: org.apache.commons.lang3.stream file:///Users/glacierali/.m2/repository/org/apache/commons/commons-lang3/3.13.0/commons-lang3-3.13.0.jar /Users/glacierali/repos/MEX/commons-lang/target/commons-lang3-3.15.0-SNAPSHOT.jar
[WARNING] split package: org.apache.commons.lang3.text file:///Users/glacierali/.m2/repository/org/apache/commons/commons-lang3/3.13.0/commons-lang3-3.13.0.jar /Users/glacierali/repos/MEX/commons-lang/target/commons-lang3-3.15.0-SNAPSHOT.jar
[WARNING] split package: org.apache.commons.lang3.text.translate file:///Users/glacierali/.m2/repository/org/apache/commons/commons-lang3/3.13.0/commons-lang3-3.13.0.jar /Users/glacierali/repos/MEX/commons-lang/target/commons-lang3-3.15.0-SNAPSHOT.jar
[WARNING] split package: org.apache.commons.lang3.time file:///Users/glacierali/.m2/repository/org/apache/commons/commons-lang3/3.13.0/commons-lang3-3.13.0.jar /Users/glacierali/repos/MEX/commons-lang/target/commons-lang3-3.15.0-SNAPSHOT.jar
[WARNING] split package: org.apache.commons.lang3.tuple file:///Users/glacierali/.m2/repository/org/apache/commons/commons-lang3/3.13.0/commons-lang3-3.13.0.jar /Users/glacierali/repos/MEX/commons-lang/target/commons-lang3-3.15.0-SNAPSHOT.jar
[WARNING] split package: org.apache.commons.lang3.util file:///Users/glacierali/.m2/repository/org/apache/commons/commons-lang3/3.13.0/commons-lang3-3.13.0.jar /Users/glacierali/repos/MEX/commons-lang/target/commons-lang3-3.15.0-SNAPSHOT.jar
writing to /Users/glacierali/repos/MEX/commons-lang/target/moditect/org.apache.commons.lang3/versions/9/module-info.java
[INFO] Created module descriptor at /Users/glacierali/repos/MEX/commons-lang/target/moditect/generated-sources/org.apache.commons.lang3/module-info.java
[INFO] 
[INFO] --- jacoco:0.8.11:report (default-cli) @ commons-lang3 ---
[INFO] Loading execution data file /Users/glacierali/repos/MEX/commons-lang/target/jacoco.exec
[INFO] Analyzed bundle 'Apache Commons Lang' with 313 classes
[INFO] ------------------------------------------------------------------------
[INFO] BUILD SUCCESS
[INFO] ------------------------------------------------------------------------
[INFO] Total time:  01:37 min
[INFO] Finished at: 2024-05-06T09:21:40+02:00
[INFO] ------------------------------------------------------------------------
